Started at Wed May 10 12:57:09 UTC 2023
Processing 08pipelinejob
Offering 08pipelinejob to Project Build Discarder
Processing adipar
Offering adipar to Project Build Discarder
Processing buildjob
Offering buildjob to Project Build Discarder
Processing c-project
Offering c-project to Project Build Discarder
Processing compilejob
Offering compilejob to Project Build Discarder
Processing j-project
Offering j-project to Project Build Discarder
Processing QAJOB
Offering QAJOB to Project Build Discarder
Processing sirjob
Offering sirjob to Project Build Discarder
Processing testjob
Offering testjob to Project Build Discarder
Finished at Wed May 10 12:57:09 UTC 2023. 10ms
